[INFO] Scanning for projects...
[INFO]                                                                         
[INFO] ------------------------------------------------------------------------
[INFO] Building dummyDataListener 0.0.1-SNAPSHOT
[INFO] ------------------------------------------------------------------------
[INFO] 
[INFO] --- maven-enforcer-plugin:1.3.1:enforce (enforce-maven) @ dummyDataListener ---
[INFO] 
[INFO] --- jacoco-maven-plugin:0.7.2.201409121644:prepare-agent (pre-test) @ dummyDataListener ---
[INFO] argLine set to -javaagent:/root/.m2/repository/org/jacoco/org.jacoco.agent/0.7.2.201409121644/org.jacoco.agent-0.7.2.201409121644-runtime.jar=destfile=/usr/local/controller-release-helium-sr3/opendaylight/l2switch/dummyDataListener/target/jacoco.exec,includes=org.opendaylight.l2switch.*
[INFO] 
[INFO] --- build-helper-maven-plugin:1.8:add-source (add-source) @ dummyDataListener ---
[INFO] Source directory: /usr/local/controller-release-helium-sr3/opendaylight/l2switch/dummyDataListener/src/main/yang added.
[INFO] Source directory: /usr/local/controller-release-helium-sr3/opendaylight/l2switch/dummyDataListener/src/main/yang-gen-code added.
[INFO] Source directory: /usr/local/controller-release-helium-sr3/opendaylight/l2switch/dummyDataListener/src/main/yang-gen-config added.
[INFO] 
[INFO] --- yang-maven-plugin:0.7.0-SNAPSHOT:generate-sources (default) @ dummyDataListener ---
[INFO] yang-to-sources: Inspecting /usr/local/controller-release-helium-sr3/opendaylight/l2switch/dummyDataListener/src/main/yang
[INFO] yang-to-sources: Searching for yang files in following dependencies: [/root/.m2/repository/org/slf4j/log4j-over-slf4j/1.7.2/log4j-over-slf4j-1.7.2.jar, /root/.m2/repository/org/slf4j/slf4j-api/1.7.2/slf4j-api-1.7.2.jar, /root/.m2/repository/org/osgi/org.osgi.core/5.0.0/org.osgi.core-5.0.0.jar, /root/.m2/repository/org/opendaylight/controller/sal-binding-api/1.2.0-SNAPSHOT/sal-binding-api-1.2.0-SNAPSHOT.jar, /root/.m2/repository/com/google/guava/guava/18.0/guava-18.0.jar, /root/.m2/repository/org/opendaylight/controller/sal-common-api/1.2.0-SNAPSHOT/sal-common-api-1.2.0-SNAPSHOT.jar, /root/.m2/repository/org/opendaylight/yangtools/concepts/0.7.0-SNAPSHOT/concepts-0.7.0-SNAPSHOT.jar, /root/.m2/repository/org/opendaylight/controller/sal-common-util/1.2.0-SNAPSHOT/sal-common-util-1.2.0-SNAPSHOT.jar, /root/.m2/repository/org/opendaylight/yangtools/yang-common/0.7.0-SNAPSHOT/yang-common-0.7.0-SNAPSHOT.jar, /root/.m2/repository/org/opendaylight/yangtools/object-cache-api/0.7.0-SNAPSHOT/object-cache-api-0.7.0-SNAPSHOT.jar, /root/.m2/repository/org/opendaylight/yangtools/yang-binding/0.7.0-SNAPSHOT/yang-binding-0.7.0-SNAPSHOT.jar, /root/.m2/repository/org/opendaylight/yangtools/util/0.7.0-SNAPSHOT/util-0.7.0-SNAPSHOT.jar, /root/.m2/repository/com/github/romix/java-concurrent-hash-trie-map/0.2.23/java-concurrent-hash-trie-map-0.2.23.jar, /root/.m2/repository/org/opendaylight/controller/model/model-inventory/1.2.0-SNAPSHOT/model-inventory-1.2.0-SNAPSHOT.jar, /root/.m2/repository/org/opendaylight/yangtools/model/ietf-inet-types/2010.09.24.7-SNAPSHOT/ietf-inet-types-2010.09.24.7-SNAPSHOT.jar, /root/.m2/repository/org/opendaylight/yangtools/model/ietf-yang-types/2010.09.24.7-SNAPSHOT/ietf-yang-types-2010.09.24.7-SNAPSHOT.jar, /root/.m2/repository/org/opendaylight/yangtools/model/yang-ext/2013.09.07.7-SNAPSHOT/yang-ext-2013.09.07.7-SNAPSHOT.jar, /root/.m2/repository/org/opendaylight/yangtools/model/ietf-topology/2013.10.21.7-SNAPSHOT/ietf-topology-2013.10.21.7-SNAPSHOT.jar, /root/.m2/repository/org/opendaylight/controller/config-api/0.3.0-SNAPSHOT/config-api-0.3.0-SNAPSHOT.jar, /root/.m2/repository/com/google/code/findbugs/jsr305/2.0.3/jsr305-2.0.3.jar, /root/.m2/repository/org/opendaylight/controller/sal-binding-config/1.2.0-SNAPSHOT/sal-binding-config-1.2.0-SNAPSHOT.jar, /root/.m2/repository/org/opendaylight/yangtools/binding-data-codec/0.7.0-SNAPSHOT/binding-data-codec-0.7.0-SNAPSHOT.jar, /root/.m2/repository/org/javassist/javassist/3.19.0-GA/javassist-3.19.0-GA.jar, /root/.m2/repository/org/opendaylight/yangtools/binding-generator-impl/0.7.0-SNAPSHOT/binding-generator-impl-0.7.0-SNAPSHOT.jar, /root/.m2/repository/org/opendaylight/yangtools/binding-generator-util/0.7.0-SNAPSHOT/binding-generator-util-0.7.0-SNAPSHOT.jar, /root/.m2/repository/org/eclipse/xtend/org.eclipse.xtend.lib/2.7.3/org.eclipse.xtend.lib-2.7.3.jar, /root/.m2/repository/org/eclipse/xtext/org.eclipse.xtext.xbase.lib/2.7.3/org.eclipse.xtext.xbase.lib-2.7.3.jar, /root/.m2/repository/org/eclipse/xtend/org.eclipse.xtend.lib.macro/2.7.3/org.eclipse.xtend.lib.macro-2.7.3.jar, /root/.m2/repository/org/opendaylight/yangtools/yang-parser-impl/0.7.0-SNAPSHOT/yang-parser-impl-0.7.0-SNAPSHOT.jar, /root/.m2/repository/org/opendaylight/yangtools/yang-model-api/0.7.0-SNAPSHOT/yang-model-api-0.7.0-SNAPSHOT.jar, /root/.m2/repository/org/opendaylight/yangtools/yang-parser-api/0.7.0-SNAPSHOT/yang-parser-api-0.7.0-SNAPSHOT.jar, /root/.m2/repository/org/opendaylight/yangtools/yang-model-util/0.7.0-SNAPSHOT/yang-model-util-0.7.0-SNAPSHOT.jar, /root/.m2/repository/org/antlr/antlr4-runtime/4.0/antlr4-runtime-4.0.jar, /root/.m2/repository/org/abego/treelayout/org.abego.treelayout.core/1.0.1/org.abego.treelayout.core-1.0.1.jar, /root/.m2/repository/org/opendaylight/yangtools/yang-data-impl/0.7.0-SNAPSHOT/yang-data-impl-0.7.0-SNAPSHOT.jar, /root/.m2/repository/org/opendaylight/yangtools/yang-data-api/0.7.0-SNAPSHOT/yang-data-api-0.7.0-SNAPSHOT.jar, /root/.m2/repository/org/opendaylight/yangtools/yang-data-util/0.7.0-SNAPSHOT/yang-data-util-0.7.0-SNAPSHOT.jar, /root/.m2/repository/org/opendaylight/yangtools/binding-generator-api/0.7.0-SNAPSHOT/binding-generator-api-0.7.0-SNAPSHOT.jar, /root/.m2/repository/org/opendaylight/yangtools/binding-model-api/0.7.0-SNAPSHOT/binding-model-api-0.7.0-SNAPSHOT.jar, /root/.m2/repository/org/opendaylight/yangtools/binding-generator-spi/0.7.0-SNAPSHOT/binding-generator-spi-0.7.0-SNAPSHOT.jar, /root/.m2/repository/org/opendaylight/yangtools/binding-type-provider/0.7.0-SNAPSHOT/binding-type-provider-0.7.0-SNAPSHOT.jar, /root/.m2/repository/org/apache/commons/commons-lang3/3.1/commons-lang3-3.1.jar]
[INFO] yang-to-sources: Searching for yang files in following dependencies: [/root/.m2/repository/org/slf4j/log4j-over-slf4j/1.7.2/log4j-over-slf4j-1.7.2.jar, /root/.m2/repository/org/slf4j/slf4j-api/1.7.2/slf4j-api-1.7.2.jar, /root/.m2/repository/org/osgi/org.osgi.core/5.0.0/org.osgi.core-5.0.0.jar, /root/.m2/repository/org/opendaylight/controller/sal-binding-api/1.2.0-SNAPSHOT/sal-binding-api-1.2.0-SNAPSHOT.jar, /root/.m2/repository/com/google/guava/guava/18.0/guava-18.0.jar, /root/.m2/repository/org/opendaylight/controller/sal-common-api/1.2.0-SNAPSHOT/sal-common-api-1.2.0-SNAPSHOT.jar, /root/.m2/repository/org/opendaylight/yangtools/concepts/0.7.0-SNAPSHOT/concepts-0.7.0-SNAPSHOT.jar, /root/.m2/repository/org/opendaylight/controller/sal-common-util/1.2.0-SNAPSHOT/sal-common-util-1.2.0-SNAPSHOT.jar, /root/.m2/repository/org/opendaylight/yangtools/yang-common/0.7.0-SNAPSHOT/yang-common-0.7.0-SNAPSHOT.jar, /root/.m2/repository/org/opendaylight/yangtools/object-cache-api/0.7.0-SNAPSHOT/object-cache-api-0.7.0-SNAPSHOT.jar, /root/.m2/repository/org/opendaylight/yangtools/yang-binding/0.7.0-SNAPSHOT/yang-binding-0.7.0-SNAPSHOT.jar, /root/.m2/repository/org/opendaylight/yangtools/util/0.7.0-SNAPSHOT/util-0.7.0-SNAPSHOT.jar, /root/.m2/repository/com/github/romix/java-concurrent-hash-trie-map/0.2.23/java-concurrent-hash-trie-map-0.2.23.jar, /root/.m2/repository/org/opendaylight/controller/model/model-inventory/1.2.0-SNAPSHOT/model-inventory-1.2.0-SNAPSHOT.jar, /root/.m2/repository/org/opendaylight/yangtools/model/ietf-inet-types/2010.09.24.7-SNAPSHOT/ietf-inet-types-2010.09.24.7-SNAPSHOT.jar, /root/.m2/repository/org/opendaylight/yangtools/model/ietf-yang-types/2010.09.24.7-SNAPSHOT/ietf-yang-types-2010.09.24.7-SNAPSHOT.jar, /root/.m2/repository/org/opendaylight/yangtools/model/yang-ext/2013.09.07.7-SNAPSHOT/yang-ext-2013.09.07.7-SNAPSHOT.jar, /root/.m2/repository/org/opendaylight/yangtools/model/ietf-topology/2013.10.21.7-SNAPSHOT/ietf-topology-2013.10.21.7-SNAPSHOT.jar, /root/.m2/repository/org/opendaylight/controller/config-api/0.3.0-SNAPSHOT/config-api-0.3.0-SNAPSHOT.jar, /root/.m2/repository/com/google/code/findbugs/jsr305/2.0.3/jsr305-2.0.3.jar, /root/.m2/repository/org/opendaylight/controller/sal-binding-config/1.2.0-SNAPSHOT/sal-binding-config-1.2.0-SNAPSHOT.jar, /root/.m2/repository/org/opendaylight/yangtools/binding-data-codec/0.7.0-SNAPSHOT/binding-data-codec-0.7.0-SNAPSHOT.jar, /root/.m2/repository/org/javassist/javassist/3.19.0-GA/javassist-3.19.0-GA.jar, /root/.m2/repository/org/opendaylight/yangtools/binding-generator-impl/0.7.0-SNAPSHOT/binding-generator-impl-0.7.0-SNAPSHOT.jar, /root/.m2/repository/org/opendaylight/yangtools/binding-generator-util/0.7.0-SNAPSHOT/binding-generator-util-0.7.0-SNAPSHOT.jar, /root/.m2/repository/org/eclipse/xtend/org.eclipse.xtend.lib/2.7.3/org.eclipse.xtend.lib-2.7.3.jar, /root/.m2/repository/org/eclipse/xtext/org.eclipse.xtext.xbase.lib/2.7.3/org.eclipse.xtext.xbase.lib-2.7.3.jar, /root/.m2/repository/org/eclipse/xtend/org.eclipse.xtend.lib.macro/2.7.3/org.eclipse.xtend.lib.macro-2.7.3.jar, /root/.m2/repository/org/opendaylight/yangtools/yang-parser-impl/0.7.0-SNAPSHOT/yang-parser-impl-0.7.0-SNAPSHOT.jar, /root/.m2/repository/org/opendaylight/yangtools/yang-model-api/0.7.0-SNAPSHOT/yang-model-api-0.7.0-SNAPSHOT.jar, /root/.m2/repository/org/opendaylight/yangtools/yang-parser-api/0.7.0-SNAPSHOT/yang-parser-api-0.7.0-SNAPSHOT.jar, /root/.m2/repository/org/opendaylight/yangtools/yang-model-util/0.7.0-SNAPSHOT/yang-model-util-0.7.0-SNAPSHOT.jar, /root/.m2/repository/org/antlr/antlr4-runtime/4.0/antlr4-runtime-4.0.jar, /root/.m2/repository/org/abego/treelayout/org.abego.treelayout.core/1.0.1/org.abego.treelayout.core-1.0.1.jar, /root/.m2/repository/org/opendaylight/yangtools/yang-data-impl/0.7.0-SNAPSHOT/yang-data-impl-0.7.0-SNAPSHOT.jar, /root/.m2/repository/org/opendaylight/yangtools/yang-data-api/0.7.0-SNAPSHOT/yang-data-api-0.7.0-SNAPSHOT.jar, /root/.m2/repository/org/opendaylight/yangtools/yang-data-util/0.7.0-SNAPSHOT/yang-data-util-0.7.0-SNAPSHOT.jar, /root/.m2/repository/org/opendaylight/yangtools/binding-generator-api/0.7.0-SNAPSHOT/binding-generator-api-0.7.0-SNAPSHOT.jar, /root/.m2/repository/org/opendaylight/yangtools/binding-model-api/0.7.0-SNAPSHOT/binding-model-api-0.7.0-SNAPSHOT.jar, /root/.m2/repository/org/opendaylight/yangtools/binding-generator-spi/0.7.0-SNAPSHOT/binding-generator-spi-0.7.0-SNAPSHOT.jar, /root/.m2/repository/org/opendaylight/yangtools/binding-type-provider/0.7.0-SNAPSHOT/binding-type-provider-0.7.0-SNAPSHOT.jar, /root/.m2/repository/org/apache/commons/commons-lang3/3.1/commons-lang3-3.1.jar]
[INFO] yang-to-sources: Found 2 yang files in /root/.m2/repository/org/opendaylight/controller/model/model-inventory/1.2.0-SNAPSHOT/model-inventory-1.2.0-SNAPSHOT.jar: [META-INF/yang/netconf-node-inventory.yang, META-INF/yang/opendaylight-inventory.yang]
[INFO] yang-to-sources: Found 1 yang files in /root/.m2/repository/org/opendaylight/yangtools/model/ietf-inet-types/2010.09.24.7-SNAPSHOT/ietf-inet-types-2010.09.24.7-SNAPSHOT.jar: [META-INF/yang/ietf-inet-types.yang]
[INFO] yang-to-sources: Found 1 yang files in /root/.m2/repository/org/opendaylight/yangtools/model/ietf-yang-types/2010.09.24.7-SNAPSHOT/ietf-yang-types-2010.09.24.7-SNAPSHOT.jar: [META-INF/yang/ietf-yang-types.yang]
[INFO] yang-to-sources: Found 1 yang files in /root/.m2/repository/org/opendaylight/yangtools/model/yang-ext/2013.09.07.7-SNAPSHOT/yang-ext-2013.09.07.7-SNAPSHOT.jar: [META-INF/yang/yang-ext.yang]
[INFO] yang-to-sources: Found 2 yang files in /root/.m2/repository/org/opendaylight/yangtools/model/ietf-topology/2013.10.21.7-SNAPSHOT/ietf-topology-2013.10.21.7-SNAPSHOT.jar: [META-INF/yang/network-topology@2013-07-12.yang, META-INF/yang/network-topology@2013-10-21.yang]
[INFO] yang-to-sources: Found 2 yang files in /root/.m2/repository/org/opendaylight/controller/config-api/0.3.0-SNAPSHOT/config-api-0.3.0-SNAPSHOT.jar: [META-INF/yang/config.yang, META-INF/yang/rpc-context.yang]
[INFO] yang-to-sources: Found 1 yang files in /root/.m2/repository/org/opendaylight/controller/sal-binding-config/1.2.0-SNAPSHOT/sal-binding-config-1.2.0-SNAPSHOT.jar: [META-INF/yang/opendaylight-md-sal-binding.yang]
[INFO] yang-to-sources: YANG files parsed from [META-INF/yang/dummy-data-listener-impl.yang]
[INFO] yang-to-sources: Code generator instantiated from org.opendaylight.controller.config.yangjmxgenerator.plugin.JMXGenerator
[INFO] yang-to-sources: Sources will be generated to /usr/local/controller-release-helium-sr3/opendaylight/l2switch/dummyDataListener/src/main/yang-gen-config
[INFO] yang-to-sources: Sources generated by org.opendaylight.controller.config.yangjmxgenerator.plugin.JMXGenerator: [/usr/local/controller-release-helium-sr3/opendaylight/l2switch/dummyDataListener/src/main/java/org/opendaylight/yang/gen/v1/urn/opendaylight/alto/dummy/data/listener/impl/rev140528/DummyDataListenerModuleFactory.java, /usr/local/controller-release-helium-sr3/opendaylight/l2switch/dummyDataListener/src/main/yang-gen-config/org/opendaylight/yang/gen/v1/urn/opendaylight/alto/dummy/data/listener/impl/rev140528/AbstractDummyDataListenerModule.java, /usr/local/controller-release-helium-sr3/opendaylight/l2switch/dummyDataListener/src/main/yang-gen-config/org/opendaylight/yang/gen/v1/urn/opendaylight/alto/dummy/data/listener/impl/rev140528/AbstractDummyDataListenerModuleFactory.java, /usr/local/controller-release-helium-sr3/opendaylight/l2switch/dummyDataListener/src/main/yang-gen-config/org/opendaylight/yang/gen/v1/urn/opendaylight/alto/dummy/data/listener/impl/rev140528/DummyDataListenerModuleMXBean.java, /usr/local/controller-release-helium-sr3/opendaylight/l2switch/dummyDataListener/src/main/java/org/opendaylight/yang/gen/v1/urn/opendaylight/alto/dummy/data/listener/impl/rev140528/DummyDataListenerModule.java]
[INFO] yang-to-sources: Code generator instantiated from org.opendaylight.yangtools.maven.sal.api.gen.plugin.CodeGeneratorImpl
[INFO] yang-to-sources: Sources will be generated to /usr/local/controller-release-helium-sr3/opendaylight/l2switch/dummyDataListener/src/main/yang-gen-code
[INFO] Adding ModuleInfo providers [org.opendaylight.yang.gen.v1.urn.opendaylight.alto.dummy.data.listener.impl.rev140528.$YangModelBindingProvider]
[INFO] yang-to-sources: Sources generated by org.opendaylight.yangtools.maven.sal.api.gen.plugin.CodeGeneratorImpl: [/usr/local/controller-release-helium-sr3/opendaylight/l2switch/dummyDataListener/src/main/yang-gen-code/org/opendaylight/yang/gen/v1/urn/opendaylight/alto/dummy/data/listener/impl/rev140528/modules/module/configuration/dummy/data/listener/impl/DataBroker.java, /usr/local/controller-release-helium-sr3/opendaylight/l2switch/dummyDataListener/src/main/yang-gen-code/org/opendaylight/yang/gen/v1/urn/opendaylight/alto/dummy/data/listener/impl/rev140528/modules/module/configuration/dummy/data/listener/impl/DataBrokerBuilder.java, /usr/local/controller-release-helium-sr3/opendaylight/l2switch/dummyDataListener/src/main/yang-gen-code/org/opendaylight/yang/gen/v1/urn/opendaylight/alto/dummy/data/listener/impl/rev140528/modules/module/configuration/DummyDataListenerImpl.java, /usr/local/controller-release-helium-sr3/opendaylight/l2switch/dummyDataListener/src/main/yang-gen-code/org/opendaylight/yang/gen/v1/urn/opendaylight/alto/dummy/data/listener/impl/rev140528/modules/module/configuration/DummyDataListenerImplBuilder.java, /usr/local/controller-release-helium-sr3/opendaylight/l2switch/dummyDataListener/src/main/yang-gen-code/org/opendaylight/yang/gen/v1/urn/opendaylight/alto/dummy/data/listener/impl/rev140528/DummyDataListenerImpl.java, /usr/local/controller-release-helium-sr3/opendaylight/l2switch/dummyDataListener/src/main/yang-gen-code/org/opendaylight/yang/gen/v1/urn/opendaylight/alto/dummy/data/listener/impl/rev140528/$YangModuleInfoImpl.java, /usr/local/controller-release-helium-sr3/opendaylight/l2switch/dummyDataListener/src/main/yang-gen-code/org/opendaylight/yang/gen/v1/urn/opendaylight/alto/dummy/data/listener/impl/rev140528/$YangModelBindingProvider.java, /usr/local/controller-release-helium-sr3/opendaylight/l2switch/dummyDataListener/target/generated-sources/spi/META-INF/services/org.opendaylight.yangtools.yang.binding.YangModelBindingProvider]
[INFO] 
[INFO] --- maven-checkstyle-plugin:2.14:check (default) @ dummyDataListener ---
Downloading: http://repository.apache.org/snapshots/org/opendaylight/controller/checkstyle/0.1.0-SNAPSHOT/maven-metadata.xml
Downloading: http://nexus.opendaylight.org/content/repositories/opendaylight.snapshot/org/opendaylight/controller/checkstyle/0.1.0-SNAPSHOT/maven-metadata.xml
1009/1009 B                 Downloaded: http://nexus.opendaylight.org/content/repositories/opendaylight.snapshot/org/opendaylight/controller/checkstyle/0.1.0-SNAPSHOT/maven-metadata.xml (1009 B at 0.7 KB/sec)
              Downloading: http://nexus.opendaylight.org/content/repositories/opendaylight.snapshot/org/opendaylight/odlparent/checkstyle/0.0.1-SNAPSHOT/maven-metadata.xml
Downloading: http://repository.apache.org/snapshots/org/opendaylight/odlparent/checkstyle/0.0.1-SNAPSHOT/maven-metadata.xml
1004/1004 B                 Downloaded: http://nexus.opendaylight.org/content/repositories/opendaylight.snapshot/org/opendaylight/odlparent/checkstyle/0.0.1-SNAPSHOT/maven-metadata.xml (1004 B at 1.2 KB/sec)
              [INFO] Starting audit...
Audit done.
[INFO] 
[INFO] --- maven-checkstyle-plugin:2.14:check (check) @ dummyDataListener ---
[INFO] Starting audit...
Audit done.
[INFO] 
[INFO] --- maven-resources-plugin:2.7:resources (default-resources) @ dummyDataListener ---
[INFO] Using 'UTF-8' encoding to copy filtered resources.
[INFO] skip non existing resourceDirectory /usr/local/controller-release-helium-sr3/opendaylight/l2switch/dummyDataListener/src/main/resources
[INFO] Copying 2 resources
[INFO] Copying 2 resources
[INFO] Copying 1 resource
[INFO] 
[INFO] --- maven-compiler-plugin:3.2:compile (default-compile) @ dummyDataListener ---
[INFO] Changes detected - recompiling the module!
[INFO] Compiling 12 source files to /usr/local/controller-release-helium-sr3/opendaylight/l2switch/dummyDataListener/target/classes
[INFO] 
[INFO] --- maven-resources-plugin:2.7:testResources (default-testResources) @ dummyDataListener ---
[INFO] Using 'UTF-8' encoding to copy filtered resources.
[INFO] skip non existing resourceDirectory /usr/local/controller-release-helium-sr3/opendaylight/l2switch/dummyDataListener/src/test/resources
[INFO] 
[INFO] --- maven-compiler-plugin:3.2:testCompile (default-testCompile) @ dummyDataListener ---
[INFO] No sources to compile
[INFO] 
[INFO] --- maven-surefire-plugin:2.18:test (default-test) @ dummyDataListener ---
[INFO] No tests to run.
[INFO] 
[INFO] --- jacoco-maven-plugin:0.7.2.201409121644:report (post-test) @ dummyDataListener ---
[INFO] Skipping JaCoCo execution due to missing execution data file:/usr/local/controller-release-helium-sr3/opendaylight/l2switch/dummyDataListener/target/jacoco.exec
[INFO] 
[INFO] --- maven-bundle-plugin:2.4.0:bundle (default-bundle) @ dummyDataListener ---
[INFO] 
[INFO] --- maven-install-plugin:2.5.2:install (default-install) @ dummyDataListener ---
[INFO] Installing /usr/local/controller-release-helium-sr3/opendaylight/l2switch/dummyDataListener/target/dummyDataListener-0.0.1-SNAPSHOT.jar to /root/.m2/repository/org/opendaylight/l2switch/dummyDataListener/0.0.1-SNAPSHOT/dummyDataListener-0.0.1-SNAPSHOT.jar
[INFO] Installing /usr/local/controller-release-helium-sr3/opendaylight/l2switch/dummyDataListener/pom.xml to /root/.m2/repository/org/opendaylight/l2switch/dummyDataListener/0.0.1-SNAPSHOT/dummyDataListener-0.0.1-SNAPSHOT.pom
[INFO] 
[INFO] --- maven-bundle-plugin:2.4.0:install (default-install) @ dummyDataListener ---
[INFO] Installing org/opendaylight/l2switch/dummyDataListener/0.0.1-SNAPSHOT/dummyDataListener-0.0.1-SNAPSHOT.jar
[INFO] Writing OBR metadata
[INFO] ------------------------------------------------------------------------
[INFO] BUILD SUCCESS
[INFO] ------------------------------------------------------------------------
[INFO] Total time: 15.068 s
[INFO] Finished at: 2015-04-06T08:07:26-07:00
[INFO] Final Memory: 31M/495M
[INFO] ------------------------------------------------------------------------
